# JRE version: Java(TM) SE Runtime Environment (8.0_121-b13) (build 1.8.0_121-b13)
# Java VM: Java HotSpot(TM) 64-Bit Server VM (25.121-b13 mixed mode windows-amd64 compressed oops)
Heap:
 PSYoungGen      total 550400K, used 432845K [0x00000000d6380000, 0x0000000100000000, 0x0000000100000000)
  eden space 421376K, 78% used [0x00000000d6380000,0x00000000ea4f37b0,0x00000000eff00000)
  from space 129024K, 80% used [0x00000000f8200000,0x00000000fe740030,0x0000000100000000)
  to   space 131584K, 0% used [0x00000000eff00000,0x00000000eff00000,0x00000000f7f80000)
 ParOldGen       total 350720K, used 269153K [0x0000000082a00000, 0x0000000098080000, 0x00000000d6380000)
  object space 350720K, 76% used [0x0000000082a00000,0x00000000930d8698,0x0000000098080000)
 Metaspace       used 23083K, capacity 23296K, committed 23552K, reserved 1071104K
  class space    used 2682K, capacity 2742K, committed 2816K, reserved 1048576K
GC Heap History (10 events):
Event: 66.009 GC heap before
{Heap before GC invocations=70 (full 4):
 PSYoungGen      total 545792K, used 545760K [0x00000000d6380000, 0x0000000100000000, 0x0000000100000000)
  eden space 452096K, 100% used [0x00000000d6380000,0x00000000f1d00000,0x00000000f1d00000)
  from space 93696K, 99% used [0x00000000f1d00000,0x00000000f7878010,0x00000000f7880000)
  to   space 118784K, 0% used [0x00000000f8c00000,0x00000000f8c00000,0x0000000100000000)
 ParOldGen       total 350720K, used 243089K [0x0000000082a00000, 0x0000000098080000, 0x00000000d6380000)
  object space 350720K, 69% used [0x0000000082a00000,0x0000000091764698,0x0000000098080000)
 Metaspace       used 20896K, capacity 21152K, committed 21376K, reserved 1069056K
  class space    used 2481K, capacity 2582K, committed 2688K, reserved 1048576K
Event: 66.112 GC heap after
Heap after GC invocations=70 (full 4):
 PSYoungGen      total 560640K, used 95984K [0x00000000d6380000, 0x0000000100000000, 0x0000000100000000)
  eden space 441856K, 0% used [0x00000000d6380000,0x00000000d6380000,0x00000000f1300000)
  from space 118784K, 80% used [0x00000000f8c00000,0x00000000fe9bc020,0x0000000100000000)
  to   space 121344K, 0% used [0x00000000f1300000,0x00000000f1300000,0x00000000f8980000)
 ParOldGen       total 350720K, used 248081K [0x0000000082a00000, 0x0000000098080000, 0x00000000d6380000)
  object space 350720K, 70% used [0x0000000082a00000,0x0000000091c44698,0x0000000098080000)
 Metaspace       used 20896K, capacity 21152K, committed 21376K, reserved 1069056K
  class space    used 2481K, capacity 2582K, committed 2688K, reserved 1048576K
}
Event: 66.840 GC heap before
{Heap before GC invocations=71 (full 4):
 PSYoungGen      total 560640K, used 537840K [0x00000000d6380000, 0x0000000100000000, 0x0000000100000000)
  eden space 441856K, 100% used [0x00000000d6380000,0x00000000f1300000,0x00000000f1300000)
  from space 118784K, 80% used [0x00000000f8c00000,0x00000000fe9bc020,0x0000000100000000)
  to   space 121344K, 0% used [0x00000000f1300000,0x00000000f1300000,0x00000000f8980000)
 ParOldGen       total 350720K, used 248081K [0x0000000082a00000, 0x0000000098080000, 0x00000000d6380000)
  object space 350720K, 70% used [0x0000000082a00000,0x0000000091c44698,0x0000000098080000)
 Metaspace       used 20896K, capacity 21152K, committed 21376K, reserved 1069056K
  class space    used 2481K, capacity 2582K, committed 2688K, reserved 1048576K
Event: 66.941 GC heap after
Heap after GC invocations=71 (full 4):
 PSYoungGen      total 541184K, used 99024K [0x00000000d6380000, 0x0000000100000000, 0x0000000100000000)
  eden space 441856K, 0% used [0x00000000d6380000,0x00000000d6380000,0x00000000f1300000)
  from space 99328K, 99% used [0x00000000f1300000,0x00000000f73b4020,0x00000000f7400000)
  to   space 123904K, 0% used [0x00000000f8700000,0x00000000f8700000,0x0000000100000000)
 ParOldGen       total 350720K, used 253017K [0x0000000082a00000, 0x0000000098080000, 0x00000000d6380000)
  object space 350720K, 72% used [0x0000000082a00000,0x0000000092116698,0x0000000098080000)
 Metaspace       used 20896K, capacity 21152K, committed 21376K, reserved 1069056K
  class space    used 2481K, capacity 2582K, committed 2688K, reserved 1048576K
}
Event: 67.620 GC heap before
{Heap before GC invocations=72 (full 4):
 PSYoungGen      total 541184K, used 540880K [0x00000000d6380000, 0x0000000100000000, 0x0000000100000000)
  eden space 441856K, 100% used [0x00000000d6380000,0x00000000f1300000,0x00000000f1300000)
  from space 99328K, 99% used [0x00000000f1300000,0x00000000f73b4020,0x00000000f7400000)
  to   space 123904K, 0% used [0x00000000f8700000,0x00000000f8700000,0x0000000100000000)
 ParOldGen       total 350720K, used 253017K [0x0000000082a00000, 0x0000000098080000, 0x00000000d6380000)
  object space 350720K, 72% used [0x0000000082a00000,0x0000000092116698,0x0000000098080000)
 Metaspace       used 20896K, capacity 21152K, committed 21376K, reserved 1069056K
  class space    used 2481K, capacity 2582K, committed 2688K, reserved 1048576K
Event: 67.753 GC heap after
Heap after GC invocations=72 (full 4):
 PSYoungGen      total 555520K, used 100864K [0x00000000d6380000, 0x0000000100000000, 0x0000000100000000)
  eden space 431616K, 0% used [0x00000000d6380000,0x00000000d6380000,0x00000000f0900000)
  from space 123904K, 81% used [0x00000000f8700000,0x00000000fe980030,0x0000000100000000)
  to   space 126464K, 0% used [0x00000000f0900000,0x00000000f0900000,0x00000000f8480000)
 ParOldGen       total 350720K, used 258313K [0x0000000082a00000, 0x0000000098080000, 0x00000000d6380000)
  object space 350720K, 73% used [0x0000000082a00000,0x0000000092642698,0x0000000098080000)
 Metaspace       used 20896K, capacity 21152K, committed 21376K, reserved 1069056K
  class space    used 2481K, capacity 2582K, committed 2688K, reserved 1048576K
}
Event: 68.495 GC heap before
{Heap before GC invocations=73 (full 4):
 PSYoungGen      total 555520K, used 532480K [0x00000000d6380000, 0x0000000100000000, 0x0000000100000000)
  eden space 431616K, 100% used [0x00000000d6380000,0x00000000f0900000,0x00000000f0900000)
  from space 123904K, 81% used [0x00000000f8700000,0x00000000fe980030,0x0000000100000000)
  to   space 126464K, 0% used [0x00000000f0900000,0x00000000f0900000,0x00000000f8480000)
 ParOldGen       total 350720K, used 258313K [0x0000000082a00000, 0x0000000098080000, 0x00000000d6380000)
  object space 350720K, 73% used [0x0000000082a00000,0x0000000092642698,0x0000000098080000)
 Metaspace       used 20896K, capacity 21152K, committed 21376K, reserved 1069056K
  class space    used 2481K, capacity 2582K, committed 2688K, reserved 1048576K
Event: 68.606 GC heap after
Heap after GC invocations=73 (full 4):
 PSYoungGen      total 534528K, used 102496K [0x00000000d6380000, 0x0000000100000000, 0x0000000100000000)
  eden space 431616K, 0% used [0x00000000d6380000,0x00000000d6380000,0x00000000f0900000)
  from space 102912K, 99% used [0x00000000f0900000,0x00000000f6d18010,0x00000000f6d80000)
  to   space 129024K, 0% used [0x00000000f8200000,0x00000000f8200000,0x0000000100000000)
 ParOldGen       total 350720K, used 263537K [0x0000000082a00000, 0x0000000098080000, 0x00000000d6380000)
  object space 350720K, 75% used [0x0000000082a00000,0x0000000092b5c698,0x0000000098080000)
 Metaspace       used 20896K, capacity 21152K, committed 21376K, reserved 1069056K
  class space    used 2481K, capacity 2582K, committed 2688K, reserved 1048576K
}
Event: 69.226 GC heap before
{Heap before GC invocations=74 (full 4):
 PSYoungGen      total 534528K, used 534112K [0x00000000d6380000, 0x0000000100000000, 0x0000000100000000)
  eden space 431616K, 100% used [0x00000000d6380000,0x00000000f0900000,0x00000000f0900000)
  from space 102912K, 99% used [0x00000000f0900000,0x00000000f6d18010,0x00000000f6d80000)
  to   space 129024K, 0% used [0x00000000f8200000,0x00000000f8200000,0x0000000100000000)
 ParOldGen       total 350720K, used 263537K [0x0000000082a00000, 0x0000000098080000, 0x00000000d6380000)
  object space 350720K, 75% used [0x0000000082a00000,0x0000000092b5c698,0x0000000098080000)
 Metaspace       used 20896K, capacity 21152K, committed 21376K, reserved 1069056K
  class space    used 2481K, capacity 2582K, committed 2688K, reserved 1048576K
Event: 69.324 GC heap after
Heap after GC invocations=74 (full 4):
 PSYoungGen      total 550400K, used 103680K [0x00000000d6380000, 0x0000000100000000, 0x0000000100000000)
  eden space 421376K, 0% used [0x00000000d6380000,0x00000000d6380000,0x00000000eff00000)
  from space 129024K, 80% used [0x00000000f8200000,0x00000000fe740030,0x0000000100000000)
  to   space 131584K, 0% used [0x00000000eff00000,0x00000000eff00000,0x00000000f7f80000)
 ParOldGen       total 350720K, used 269153K [0x0000000082a00000, 0x0000000098080000, 0x00000000d6380000)
  object space 350720K, 76% used [0x0000000082a00000,0x00000000930d8698,0x0000000098080000)
 Metaspace       used 20896K, capacity 21152K, committed 21376K, reserved 1069056K
  class space    used 2481K, capacity 2582K, committed 2688K, reserved 1048576K
}

